17-Oct-24 13:11:59 - <-- Script started -->
17-Oct-24 13:12:24 - <-- Script started -->
17-Oct-24 13:12:34 - <-- Script started -->
17-Oct-24 13:12:34 - Requesting https://bundes-klinik-atlas.de/krankenhaussuche/?searchtype=free-search
17-Oct-24 13:12:34 - No more pages found.
17-Oct-24 13:12:34 - <-- Script finished -->
17-Oct-24 13:14:18 - <-- Script started -->
17-Oct-24 13:14:18 - Requesting https://bundes-klinik-atlas.de/krankenhaussuche/?searchtype=free-search
17-Oct-24 13:14:19 - Found 0 hospitals
17-Oct-24 13:15:44 - <-- Script started -->
17-Oct-24 13:15:44 - Requesting https://bundes-klinik-atlas.de/krankenhaussuche/?searchtype=free-search
17-Oct-24 13:15:45 - Found 1 hospitals
17-Oct-24 13:16:42 - <-- Script started -->
17-Oct-24 13:16:42 - Requesting https://bundes-klinik-atlas.de/krankenhaussuche/?searchtype=free-search
17-Oct-24 13:16:42 - Found 1 hospitals
17-Oct-24 13:16:57 - <-- Script started -->
17-Oct-24 13:16:57 - Requesting https://bundes-klinik-atlas.de/krankenhaussuche/?searchtype=free-search
17-Oct-24 13:16:58 - Found 1 hospitals
17-Oct-24 13:18:04 - <-- Script started -->
17-Oct-24 13:18:04 - Requesting https://bundes-klinik-atlas.de/krankenhaussuche/?searchtype=free-search
17-Oct-24 13:18:05 - Found 44 hospitals
17-Oct-24 13:19:14 - <-- Script started -->
17-Oct-24 13:19:14 - Requesting https://bundes-klinik-atlas.de/krankenhaussuche/?searchtype=free-search
17-Oct-24 13:19:15 - Found 0 hospitals
17-Oct-24 13:19:29 - <-- Script started -->
17-Oct-24 13:19:29 - Requesting https://bundes-klinik-atlas.de/krankenhaussuche/?searchtype=free-search
17-Oct-24 13:19:30 - Found 0 hospitals
17-Oct-24 13:21:19 - <-- Script started -->
17-Oct-24 13:21:19 - Requesting https://bundes-klinik-atlas.de/krankenhaussuche/?searchtype=free-search
17-Oct-24 13:21:20 - Found 0 hospitals
17-Oct-24 13:24:11 - <-- Script started -->
17-Oct-24 13:24:11 - Requesting https://bundes-klinik-atlas.de/krankenhaussuche/?searchtype=free-search
17-Oct-24 13:24:12 - Found 0 hospitals
17-Oct-24 13:24:34 - <-- Script started -->
17-Oct-24 13:24:34 - Requesting https://bundes-klinik-atlas.de/krankenhaussuche/?searchtype=free-search
17-Oct-24 13:24:34 - Found 0 hospitals
17-Oct-24 13:26:34 - <-- Script started -->
17-Oct-24 13:26:34 - Requesting https://bundes-klinik-atlas.de/krankenhaussuche/?searchtype=free-search
17-Oct-24 13:26:35 - Found 44 hospitals
17-Oct-24 13:26:50 - <-- Script started -->
17-Oct-24 13:26:50 - Requesting https://bundes-klinik-atlas.de/krankenhaussuche/?searchtype=free-search
17-Oct-24 13:26:51 - Found 44 hospitals
17-Oct-24 13:49:07 - <-- Script started -->
17-Oct-24 13:49:07 - Requesting https://bundes-klinik-atlas.de/krankenhaussuche/?searchtype=free-search
17-Oct-24 13:49:17 - Found 44 hospitals
17-Oct-24 13:49:25 - <-- Script started -->
17-Oct-24 13:49:25 - Requesting https://bundes-klinik-atlas.de/krankenhaussuche/?searchtype=free-search
17-Oct-24 13:49:30 - Found 44 hospitals
17-Oct-24 13:49:48 - <-- Script started -->
17-Oct-24 13:49:48 - Requesting https://bundes-klinik-atlas.de/krankenhaussuche/?searchtype=free-search
17-Oct-24 13:50:38 - <-- Script started -->
17-Oct-24 13:50:38 - Requesting https://bundes-klinik-atlas.de/krankenhaussuche/?searchtype=free-search
17-Oct-24 13:50:42 - Script failed for https://bundes-klinik-atlas.de/krankenhaussuche/?searchtype=free-search
Traceback (most recent call last):
  File "/home/akasur/PycharmProjects/BK-Atlas_Scraper/bk-a_scraper.py", line 33, in get_all_hospitals
    driver.find_element("id", "searchtype").click()
    ^^^^^^^^^^^^^^^^^^^^^^^^^^^^^^^^^^^^^^^
  File "/home/akasur/PycharmProjects/BK-Atlas_Scraper/.venv/lib/python3.12/site-packages/selenium/webdriver/remote/webdriver.py", line 748, in find_element
    return self.execute(Command.FIND_ELEMENT, {"using": by, "value": value})["value"]
           ^^^^^^^^^^^^^^^^^^^^^^^^^^^^^^^^^^^^^^^^^^^^^^^^^^^^^^^^^^^^^^^^^
  File "/home/akasur/PycharmProjects/BK-Atlas_Scraper/.venv/lib/python3.12/site-packages/selenium/webdriver/remote/webdriver.py", line 354, in execute
    self.error_handler.check_response(response)
  File "/home/akasur/PycharmProjects/BK-Atlas_Scraper/.venv/lib/python3.12/site-packages/selenium/webdriver/remote/errorhandler.py", line 229, in check_response
    raise exception_class(message, screen, stacktrace)
selenium.common.exceptions.NoSuchElementException: Message: no such element: Unable to locate element: {"method":"css selector","selector":"[id="searchtype"]"}
  (Session info: chrome=129.0.6668.100); For documentation on this error, please visit: https://www.selenium.dev/documentation/webdriver/troubleshooting/errors#no-such-element-exception
Stacktrace:
#0 0x5579d6740b9a <unknown>
#1 0x5579d6426670 <unknown>
#2 0x5579d6475c48 <unknown>
#3 0x5579d6475ee1 <unknown>
#4 0x5579d64bc924 <unknown>
#5 0x5579d649abad <unknown>
#6 0x5579d64b9dd6 <unknown>
#7 0x5579d649a923 <unknown>
#8 0x5579d64686e7 <unknown>
#9 0x5579d64696de <unknown>
#10 0x5579d670a66b <unknown>
#11 0x5579d670e611 <unknown>
#12 0x5579d66f64e5 <unknown>
#13 0x5579d670f192 <unknown>
#14 0x5579d66db6ef <unknown>
#15 0x5579d672f9d8 <unknown>
#16 0x5579d672fba7 <unknown>
#17 0x5579d673f9ec <unknown>
#18 0x7fce6a1af6d7 start_thread
#19 0x7fce6a23360c __clone3

17-Oct-24 13:51:39 - <-- Script started -->
17-Oct-24 13:51:39 - Requesting https://bundes-klinik-atlas.de/krankenhaussuche/?searchtype=free-search
17-Oct-24 13:53:36 - <-- Script started -->
17-Oct-24 13:53:36 - Requesting https://bundes-klinik-atlas.de/krankenhaussuche/?searchtype=free-search
17-Oct-24 13:53:43 - Script failed for https://bundes-klinik-atlas.de/krankenhaussuche/?searchtype=free-search
Traceback (most recent call last):
  File "/home/akasur/PycharmProjects/BK-Atlas_Scraper/bk-a_scraper.py", line 34, in get_all_hospitals
    hospitals = driver.find_elements("class", "ce-search-result-list-item")
                ^^^^^^^^^^^^^^^^^^^^^^^^^^^^^^^^^^^^^^^^^^^^^^^^^^^^^^^^^^^
  File "/home/akasur/PycharmProjects/BK-Atlas_Scraper/.venv/lib/python3.12/site-packages/selenium/webdriver/remote/webdriver.py", line 778, in find_elements
    return self.execute(Command.FIND_ELEMENTS, {"using": by, "value": value})["value"] or []
           ^^^^^^^^^^^^^^^^^^^^^^^^^^^^^^^^^^^^^^^^^^^^^^^^^^^^^^^^^^^^^^^^^^
  File "/home/akasur/PycharmProjects/BK-Atlas_Scraper/.venv/lib/python3.12/site-packages/selenium/webdriver/remote/webdriver.py", line 354, in execute
    self.error_handler.check_response(response)
  File "/home/akasur/PycharmProjects/BK-Atlas_Scraper/.venv/lib/python3.12/site-packages/selenium/webdriver/remote/errorhandler.py", line 229, in check_response
    raise exception_class(message, screen, stacktrace)
selenium.common.exceptions.InvalidArgumentException: Message: invalid argument: invalid locator
  (Session info: chrome=129.0.6668.100)
Stacktrace:
#0 0x561c0cc4bb9a <unknown>
#1 0x561c0c931670 <unknown>
#2 0x561c0c98056c <unknown>
#3 0x561c0c980ee1 <unknown>
#4 0x561c0c9c7961 <unknown>
#5 0x561c0c9a5bad <unknown>
#6 0x561c0c9c4dd6 <unknown>
#7 0x561c0c9a5923 <unknown>
#8 0x561c0c9736e7 <unknown>
#9 0x561c0c9746de <unknown>
#10 0x561c0cc1566b <unknown>
#11 0x561c0cc19611 <unknown>
#12 0x561c0cc014e5 <unknown>
#13 0x561c0cc1a192 <unknown>
#14 0x561c0cbe66ef <unknown>
#15 0x561c0cc3a9d8 <unknown>
#16 0x561c0cc3aba7 <unknown>
#17 0x561c0cc4a9ec <unknown>
#18 0x7f56cbad36d7 start_thread
#19 0x7f56cbb5760c __clone3

17-Oct-24 13:54:10 - <-- Script started -->
17-Oct-24 13:54:10 - Requesting https://bundes-klinik-atlas.de/krankenhaussuche/?searchtype=free-search
17-Oct-24 13:54:14 - Script failed for https://bundes-klinik-atlas.de/krankenhaussuche/?searchtype=free-search
Traceback (most recent call last):
  File "/home/akasur/PycharmProjects/BK-Atlas_Scraper/bk-a_scraper.py", line 34, in get_all_hospitals
    hospitals = driver.find_elements("class", "c-link")
                ^^^^^^^^^^^^^^^^^^^^^^^^^^^^^^^^^^^^^^^
  File "/home/akasur/PycharmProjects/BK-Atlas_Scraper/.venv/lib/python3.12/site-packages/selenium/webdriver/remote/webdriver.py", line 778, in find_elements
    return self.execute(Command.FIND_ELEMENTS, {"using": by, "value": value})["value"] or []
           ^^^^^^^^^^^^^^^^^^^^^^^^^^^^^^^^^^^^^^^^^^^^^^^^^^^^^^^^^^^^^^^^^^
  File "/home/akasur/PycharmProjects/BK-Atlas_Scraper/.venv/lib/python3.12/site-packages/selenium/webdriver/remote/webdriver.py", line 354, in execute
    self.error_handler.check_response(response)
  File "/home/akasur/PycharmProjects/BK-Atlas_Scraper/.venv/lib/python3.12/site-packages/selenium/webdriver/remote/errorhandler.py", line 229, in check_response
    raise exception_class(message, screen, stacktrace)
selenium.common.exceptions.InvalidArgumentException: Message: invalid argument: invalid locator
  (Session info: chrome=129.0.6668.100)
Stacktrace:
#0 0x55b4288deb9a <unknown>
#1 0x55b4285c4670 <unknown>
#2 0x55b42861356c <unknown>
#3 0x55b428613ee1 <unknown>
#4 0x55b42865a961 <unknown>
#5 0x55b428638bad <unknown>
#6 0x55b428657dd6 <unknown>
#7 0x55b428638923 <unknown>
#8 0x55b4286066e7 <unknown>
#9 0x55b4286076de <unknown>
#10 0x55b4288a866b <unknown>
#11 0x55b4288ac611 <unknown>
#12 0x55b4288944e5 <unknown>
#13 0x55b4288ad192 <unknown>
#14 0x55b4288796ef <unknown>
#15 0x55b4288cd9d8 <unknown>
#16 0x55b4288cdba7 <unknown>
#17 0x55b4288dd9ec <unknown>
#18 0x7fbf169ec6d7 start_thread
#19 0x7fbf16a7060c __clone3

17-Oct-24 13:54:33 - <-- Script started -->
17-Oct-24 13:54:33 - Requesting https://bundes-klinik-atlas.de/krankenhaussuche/?searchtype=free-search
17-Oct-24 13:54:36 - Script failed for https://bundes-klinik-atlas.de/krankenhaussuche/?searchtype=free-search
Traceback (most recent call last):
  File "/home/akasur/PycharmProjects/BK-Atlas_Scraper/bk-a_scraper.py", line 34, in get_all_hospitals
    print(driver.find_elements("class", "c-link"))
          ^^^^^^^^^^^^^^^^^^^^^^^^^^^^^^^^^^^^^^^
  File "/home/akasur/PycharmProjects/BK-Atlas_Scraper/.venv/lib/python3.12/site-packages/selenium/webdriver/remote/webdriver.py", line 778, in find_elements
    return self.execute(Command.FIND_ELEMENTS, {"using": by, "value": value})["value"] or []
           ^^^^^^^^^^^^^^^^^^^^^^^^^^^^^^^^^^^^^^^^^^^^^^^^^^^^^^^^^^^^^^^^^^
  File "/home/akasur/PycharmProjects/BK-Atlas_Scraper/.venv/lib/python3.12/site-packages/selenium/webdriver/remote/webdriver.py", line 354, in execute
    self.error_handler.check_response(response)
  File "/home/akasur/PycharmProjects/BK-Atlas_Scraper/.venv/lib/python3.12/site-packages/selenium/webdriver/remote/errorhandler.py", line 229, in check_response
    raise exception_class(message, screen, stacktrace)
selenium.common.exceptions.InvalidArgumentException: Message: invalid argument: invalid locator
  (Session info: chrome=129.0.6668.100)
Stacktrace:
#0 0x5604e11d9b9a <unknown>
#1 0x5604e0ebf670 <unknown>
#2 0x5604e0f0e56c <unknown>
#3 0x5604e0f0eee1 <unknown>
#4 0x5604e0f55961 <unknown>
#5 0x5604e0f33bad <unknown>
#6 0x5604e0f52dd6 <unknown>
#7 0x5604e0f33923 <unknown>
#8 0x5604e0f016e7 <unknown>
#9 0x5604e0f026de <unknown>
#10 0x5604e11a366b <unknown>
#11 0x5604e11a7611 <unknown>
#12 0x5604e118f4e5 <unknown>
#13 0x5604e11a8192 <unknown>
#14 0x5604e11746ef <unknown>
#15 0x5604e11c89d8 <unknown>
#16 0x5604e11c8ba7 <unknown>
#17 0x5604e11d89ec <unknown>
#18 0x7fc1e215f6d7 start_thread
#19 0x7fc1e21e360c __clone3

17-Oct-24 13:56:20 - <-- Script started -->
17-Oct-24 13:56:20 - Requesting https://bundes-klinik-atlas.de/krankenhaussuche/?searchtype=free-search
17-Oct-24 13:56:23 - Script failed for https://bundes-klinik-atlas.de/krankenhaussuche/?searchtype=free-search
Traceback (most recent call last):
  File "/home/akasur/PycharmProjects/BK-Atlas_Scraper/bk-a_scraper.py", line 35, in get_all_hospitals
    driver.find_element("class", "u-icon--icon-suche").click()
    ^^^^^^^^^^^^^^^^^^^^^^^^^^^^^^^^^^^^^^^^^^^^^^^^^^
  File "/home/akasur/PycharmProjects/BK-Atlas_Scraper/.venv/lib/python3.12/site-packages/selenium/webdriver/remote/webdriver.py", line 748, in find_element
    return self.execute(Command.FIND_ELEMENT, {"using": by, "value": value})["value"]
           ^^^^^^^^^^^^^^^^^^^^^^^^^^^^^^^^^^^^^^^^^^^^^^^^^^^^^^^^^^^^^^^^^
  File "/home/akasur/PycharmProjects/BK-Atlas_Scraper/.venv/lib/python3.12/site-packages/selenium/webdriver/remote/webdriver.py", line 354, in execute
    self.error_handler.check_response(response)
  File "/home/akasur/PycharmProjects/BK-Atlas_Scraper/.venv/lib/python3.12/site-packages/selenium/webdriver/remote/errorhandler.py", line 229, in check_response
    raise exception_class(message, screen, stacktrace)
selenium.common.exceptions.InvalidArgumentException: Message: invalid argument: invalid locator
  (Session info: chrome=129.0.6668.100)
Stacktrace:
#0 0x55626d94fb9a <unknown>
#1 0x55626d635670 <unknown>
#2 0x55626d68456c <unknown>
#3 0x55626d684ee1 <unknown>
#4 0x55626d6cb924 <unknown>
#5 0x55626d6a9bad <unknown>
#6 0x55626d6c8dd6 <unknown>
#7 0x55626d6a9923 <unknown>
#8 0x55626d6776e7 <unknown>
#9 0x55626d6786de <unknown>
#10 0x55626d91966b <unknown>
#11 0x55626d91d611 <unknown>
#12 0x55626d9054e5 <unknown>
#13 0x55626d91e192 <unknown>
#14 0x55626d8ea6ef <unknown>
#15 0x55626d93e9d8 <unknown>
#16 0x55626d93eba7 <unknown>
#17 0x55626d94e9ec <unknown>
#18 0x7f9bcfe426d7 start_thread
#19 0x7f9bcfec660c __clone3

17-Oct-24 13:57:29 - <-- Script started -->
17-Oct-24 13:57:29 - Requesting https://bundes-klinik-atlas.de/krankenhaussuche/?searchtype=free-search
17-Oct-24 13:57:31 - Script failed for https://bundes-klinik-atlas.de/krankenhaussuche/?searchtype=free-search
Traceback (most recent call last):
  File "/home/akasur/PycharmProjects/BK-Atlas_Scraper/bk-a_scraper.py", line 35, in get_all_hospitals
    driver.find_element("class", "c-button c-button u-icon--icon-suche").click()
    ^^^^^^^^^^^^^^^^^^^^^^^^^^^^^^^^^^^^^^^^^^^^^^^^^^^^^^^^^^^^^^^^^^^^
  File "/home/akasur/PycharmProjects/BK-Atlas_Scraper/.venv/lib/python3.12/site-packages/selenium/webdriver/remote/webdriver.py", line 748, in find_element
    return self.execute(Command.FIND_ELEMENT, {"using": by, "value": value})["value"]
           ^^^^^^^^^^^^^^^^^^^^^^^^^^^^^^^^^^^^^^^^^^^^^^^^^^^^^^^^^^^^^^^^^
  File "/home/akasur/PycharmProjects/BK-Atlas_Scraper/.venv/lib/python3.12/site-packages/selenium/webdriver/remote/webdriver.py", line 354, in execute
    self.error_handler.check_response(response)
  File "/home/akasur/PycharmProjects/BK-Atlas_Scraper/.venv/lib/python3.12/site-packages/selenium/webdriver/remote/errorhandler.py", line 229, in check_response
    raise exception_class(message, screen, stacktrace)
selenium.common.exceptions.InvalidArgumentException: Message: invalid argument: invalid locator
  (Session info: chrome=129.0.6668.100)
Stacktrace:
#0 0x55eb8c100b9a <unknown>
#1 0x55eb8bde6670 <unknown>
#2 0x55eb8be3556c <unknown>
#3 0x55eb8be35ee1 <unknown>
#4 0x55eb8be7c924 <unknown>
#5 0x55eb8be5abad <unknown>
#6 0x55eb8be79dd6 <unknown>
#7 0x55eb8be5a923 <unknown>
#8 0x55eb8be286e7 <unknown>
#9 0x55eb8be296de <unknown>
#10 0x55eb8c0ca66b <unknown>
#11 0x55eb8c0ce611 <unknown>
#12 0x55eb8c0b64e5 <unknown>
#13 0x55eb8c0cf192 <unknown>
#14 0x55eb8c09b6ef <unknown>
#15 0x55eb8c0ef9d8 <unknown>
#16 0x55eb8c0efba7 <unknown>
#17 0x55eb8c0ff9ec <unknown>
#18 0x7f695f7596d7 start_thread
#19 0x7f695f7dd60c __clone3

17-Oct-24 14:00:28 - <-- Script started -->
17-Oct-24 14:00:28 - Requesting https://bundes-klinik-atlas.de/krankenhaussuche/?searchtype=free-search
17-Oct-24 14:00:31 - Script failed for https://bundes-klinik-atlas.de/krankenhaussuche/?searchtype=free-search
Traceback (most recent call last):
  File "/home/akasur/PycharmProjects/BK-Atlas_Scraper/bk-a_scraper.py", line 36, in get_all_hospitals
    driver.find_element(by.class_name , "c-button c-button u-icon--icon-suche").click()
                        ^^^^^^^^^^^^^
AttributeError: module 'selenium.webdriver.common.by' has no attribute 'class_name'
17-Oct-24 14:00:42 - <-- Script started -->
17-Oct-24 14:00:42 - Requesting https://bundes-klinik-atlas.de/krankenhaussuche/?searchtype=free-search
17-Oct-24 14:00:45 - Script failed for https://bundes-klinik-atlas.de/krankenhaussuche/?searchtype=free-search
Traceback (most recent call last):
  File "/home/akasur/PycharmProjects/BK-Atlas_Scraper/bk-a_scraper.py", line 36, in get_all_hospitals
    driver.find_elements("class", "c-link")
  File "/home/akasur/PycharmProjects/BK-Atlas_Scraper/.venv/lib/python3.12/site-packages/selenium/webdriver/remote/webdriver.py", line 778, in find_elements
    return self.execute(Command.FIND_ELEMENTS, {"using": by, "value": value})["value"] or []
           ^^^^^^^^^^^^^^^^^^^^^^^^^^^^^^^^^^^^^^^^^^^^^^^^^^^^^^^^^^^^^^^^^^
  File "/home/akasur/PycharmProjects/BK-Atlas_Scraper/.venv/lib/python3.12/site-packages/selenium/webdriver/remote/webdriver.py", line 354, in execute
    self.error_handler.check_response(response)
  File "/home/akasur/PycharmProjects/BK-Atlas_Scraper/.venv/lib/python3.12/site-packages/selenium/webdriver/remote/errorhandler.py", line 229, in check_response
    raise exception_class(message, screen, stacktrace)
selenium.common.exceptions.InvalidArgumentException: Message: invalid argument: invalid locator
  (Session info: chrome=129.0.6668.100)
Stacktrace:
#0 0x555d30acdb9a <unknown>
#1 0x555d307b3670 <unknown>
#2 0x555d3080256c <unknown>
#3 0x555d30802ee1 <unknown>
#4 0x555d30849961 <unknown>
#5 0x555d30827bad <unknown>
#6 0x555d30846dd6 <unknown>
#7 0x555d30827923 <unknown>
#8 0x555d307f56e7 <unknown>
#9 0x555d307f66de <unknown>
#10 0x555d30a9766b <unknown>
#11 0x555d30a9b611 <unknown>
#12 0x555d30a834e5 <unknown>
#13 0x555d30a9c192 <unknown>
#14 0x555d30a686ef <unknown>
#15 0x555d30abc9d8 <unknown>
#16 0x555d30abcba7 <unknown>
#17 0x555d30acc9ec <unknown>
#18 0x7fd85d01e6d7 start_thread
#19 0x7fd85d0a260c __clone3

17-Oct-24 14:07:19 - <-- Script started -->
17-Oct-24 14:07:19 - Requesting https://bundes-klinik-atlas.de/krankenhaussuche/?searchtype=free-search
17-Oct-24 14:18:08 - <-- Script started -->
17-Oct-24 14:18:08 - Requesting https://bundes-klinik-atlas.de/krankenhaussuche/?searchtype=free-search
17-Oct-24 14:18:26 - <-- Script started -->
17-Oct-24 14:18:26 - Requesting https://bundes-klinik-atlas.de/krankenhaussuche/?searchtype=free-search
17-Oct-24 14:20:59 - <-- Script started -->
17-Oct-24 14:20:59 - Requesting https://bundes-klinik-atlas.de/krankenhaussuche/?searchtype=free-search
17-Oct-24 14:21:25 - <-- Script started -->
17-Oct-24 14:21:25 - Requesting https://bundes-klinik-atlas.de/krankenhaussuche/?searchtype=free-search
